<?xml version="1.0" encoding="UTF-8"?>
<!-- Generated by org.testng.reporters.JUnitXMLReporter -->
<testsuite hostname="HQI-194-RONAKYB" ignored="0" name="Default test" tests="1" failures="0" timestamp="05 Jul 2018 11:23:33 GMT" time="0.264" errors="0">
  <testcase name="@BeforeClass initializeDBParameter" time="0.0" classname="com.highq.base.DBConnection">
    <failure type="org.testng.TestNGException" message="
Parameter &amp;apos;dbDomain&amp;apos; is required by BeforeClass on method initializeDBParameter but has not been marked @Optional or defined
in C:\Users\ronak.bhatt.HQDEV\AppData\Local\Temp\testng-eclipse-1825148676\testng-customsuite.xml">
      <![CDATA[org.testng.TestNGException: 
Parameter 'dbDomain' is required by BeforeClass on method initializeDBParameter but has not been marked @Optional or defined
in C:\Users\ronak.bhatt.HQDEV\AppData\Local\Temp\testng-eclipse-1825148676\testng-customsuite.xml
	at org.testng.internal.Parameters.createParameters(Parameters.java:199)
	at org.testng.internal.Parameters.createParameters(Parameters.java:443)
	at org.testng.internal.Parameters.createConfigurationParameters(Parameters.java:118)
	at org.testng.internal.Invoker.invokeConfigurations(Invoker.java:203)
	at org.testng.internal.Invoker.invokeConfigurations(Invoker.java:144)
	at org.testng.internal.TestMethodWorker.invokeBeforeClassMethods(TestMethodWorker.java:169)
	at org.testng.internal.TestMethodWorker.run(TestMethodWorker.java:108)
	at org.testng.TestRunner.privateRun(TestRunner.java:756)
	at org.testng.TestRunner.run(TestRunner.java:610)
	at org.testng.SuiteRunner.runTest(SuiteRunner.java:387)
	at org.testng.SuiteRunner.runSequentially(SuiteRunner.java:382)
	at org.testng.SuiteRunner.privateRun(SuiteRunner.java:340)
	at org.testng.SuiteRunner.run(SuiteRunner.java:289)
	at org.testng.SuiteRunnerWorker.runSuite(SuiteRunnerWorker.java:52)
	at org.testng.SuiteRunnerWorker.run(SuiteRunnerWorker.java:86)
	at org.testng.TestNG.runSuitesSequentially(TestNG.java:1293)
	at org.testng.TestNG.runSuitesLocally(TestNG.java:1218)
	at org.testng.TestNG.runSuites(TestNG.java:1133)
	at org.testng.TestNG.run(TestNG.java:1104)
	at org.testng.remote.AbstractRemoteTestNG.run(AbstractRemoteTestNG.java:114)
	at org.testng.remote.RemoteTestNG.initAndRun(RemoteTestNG.java:251)
	at org.testng.remote.RemoteTestNG.main(RemoteTestNG.java:77)
]]>
    </failure>
  </testcase> <!-- @BeforeClass initializeDBParameter -->
  <testcase name="@BeforeClass initializeTestBaseSetup" time="0.0" classname="com.highq.base.TestBaseSetup">
    <skipped/>
  </testcase> <!-- @BeforeClass initializeTestBaseSetup -->
  <testcase name="@BeforeClass setUp" time="0.0" classname="com.highq.test.siteAdmin.SiteAdmin_TC0041">
    <skipped/>
  </testcase> <!-- @BeforeClass setUp -->
  <testcase name="@AfterClass tearDown" time="0.0" classname="com.highq.base.TestBaseSetup">
    <skipped/>
  </testcase> <!-- @AfterClass tearDown -->
  <testcase name="TC0041" time="0.085" classname="com.highq.test.siteAdmin.SiteAdmin_TC0041">
    <skipped/>
  </testcase> <!-- TC0041 -->
</testsuite> <!-- Default test -->
