<?xml version="1.0" encoding="UTF-8"?>
<!-- Generated by org.testng.reporters.JUnitXMLReporter -->
<testsuite hostname="HQI-194-RONAKYB" ignored="0" name="File  Module Online Office " tests="1" failures="1" timestamp="09 Jul 2018 07:14:39 GMT" time="340.196" errors="0">
  <testcase name="TC0041" time="233.032" classname="com.highq.test.siteAdmin.SiteAdmin_TC0041">
    <failure type="org.openqa.selenium.WebDriverException" message="unknown error: Element &amp;lt;a id=&amp;quot;siteAdmin_users_moreAction_4380&amp;quot; href=&amp;quot;javascript:void(0);&amp;quot; class=&amp;quot;icon icon-actions dropdown-toggle&amp;quot; data-toggle=&amp;quot;dropdown&amp;quot; data-placement=&amp;quot;top&amp;quot; data-original-title=&amp;quot;More actions&amp;quot; style=&amp;quot;border: 2px solid red;&amp;quot;&amp;gt;&amp;lt;/a&amp;gt; is not clickable at point (1624, 364). Other element would receive the click: &amp;lt;div class=&amp;quot;modal-backdrop fade&amp;quot; style=&amp;quot;z-index: 1044;&amp;quot;&amp;gt;&amp;lt;/div&amp;gt;
  (Session info: chrome=67.0.3396.99)
  (Driver info: chromedriver=2.36.540470 (e522d04694c7ebea4ba8821272dbef4f9b818c91),platform=Windows NT 10.0.15063 x86_64) (WARNING: The server did not provide any stacktrace information)
Command duration or timeout: 0 milliseconds
Build info: version: &amp;apos;3.12.0&amp;apos;, revision: &amp;apos;7c6e0b3&amp;apos;, time: &amp;apos;2018-05-08T14:04:26.12Z&amp;apos;
System info: host: &amp;apos;HQI-194-RONAKYB&amp;apos;, ip: &amp;apos;192.168.157.77&amp;apos;, os.name: &amp;apos;Windows 8.1&amp;apos;, os.arch: &amp;apos;amd64&amp;apos;, os.version: &amp;apos;6.3&amp;apos;, java.version: &amp;apos;1.8.0_51&amp;apos;
Driver info: org.openqa.selenium.chrome.ChromeDriver
Capabilities {acceptInsecureCerts: false, acceptSslCerts: false, applicationCacheEnabled: false, browserConnectionEnabled: false, browserName: chrome, chrome: {chromedriverVersion: 2.36.540470 (e522d04694c7eb..., userDataDir: C:\Users\RONAKB~1.HQD\AppDa...}, cssSelectorsEnabled: true, databaseEnabled: false, handlesAlerts: true, hasTouchScreen: false, javascriptEnabled: true, locationContextEnabled: true, mobileEmulationEnabled: false, nativeEvents: true, networkConnectionEnabled: false, pageLoadStrategy: normal, platform: XP, platformName: XP, rotatable: false, setWindowRect: true, takesHeapSnapshot: true, takesScreenshot: true, unexpectedAlertBehaviour: , unhandledPromptBehavior: , version: 67.0.3396.99, webStorageEnabled: true}
Session ID: ead39e9b610d5331fe6554aed73f5026">
      <![CDATA[org.openqa.selenium.WebDriverException: unknown error: Element <a id="siteAdmin_users_moreAction_4380" href="javascript:void(0);" class="icon icon-actions dropdown-toggle" data-toggle="dropdown" data-placement="top" data-original-title="More actions" style="border: 2px solid red;"></a> is not clickable at point (1624, 364). Other element would receive the click: <div class="modal-backdrop fade" style="z-index: 1044;"></div>
  (Session info: chrome=67.0.3396.99)
  (Driver info: chromedriver=2.36.540470 (e522d04694c7ebea4ba8821272dbef4f9b818c91),platform=Windows NT 10.0.15063 x86_64) (WARNING: The server did not provide any stacktrace information)
Command duration or timeout: 0 milliseconds
Build info: version: '3.12.0', revision: '7c6e0b3', time: '2018-05-08T14:04:26.12Z'
System info: host: 'HQI-194-RONAKYB', ip: '192.168.157.77', os.name: 'Windows 8.1', os.arch: 'amd64', os.version: '6.3', java.version: '1.8.0_51'
Driver info: org.openqa.selenium.chrome.ChromeDriver
Capabilities {acceptInsecureCerts: false, acceptSslCerts: false, applicationCacheEnabled: false, browserConnectionEnabled: false, browserName: chrome, chrome: {chromedriverVersion: 2.36.540470 (e522d04694c7eb..., userDataDir: C:\Users\RONAKB~1.HQD\AppDa...}, cssSelectorsEnabled: true, databaseEnabled: false, handlesAlerts: true, hasTouchScreen: false, javascriptEnabled: true, locationContextEnabled: true, mobileEmulationEnabled: false, nativeEvents: true, networkConnectionEnabled: false, pageLoadStrategy: normal, platform: XP, platformName: XP, rotatable: false, setWindowRect: true, takesHeapSnapshot: true, takesScreenshot: true, unexpectedAlertBehaviour: , unhandledPromptBehavior: , version: 67.0.3396.99, webStorageEnabled: true}
Session ID: ead39e9b610d5331fe6554aed73f5026
	at org.openqa.selenium.remote.ErrorHandler.createThrowable(ErrorHandler.java:214)
	at org.openqa.selenium.remote.ErrorHandler.throwIfResponseFailed(ErrorHandler.java:166)
	at org.openqa.selenium.remote.http.JsonHttpResponseCodec.reconstructValue(JsonHttpResponseCodec.java:40)
	at org.openqa.selenium.remote.http.AbstractHttpResponseCodec.decode(AbstractHttpResponseCodec.java:80)
	at org.openqa.selenium.remote.http.AbstractHttpResponseCodec.decode(AbstractHttpResponseCodec.java:44)
	at org.openqa.selenium.remote.HttpCommandExecutor.execute(HttpCommandExecutor.java:158)
	at org.openqa.selenium.remote.service.DriverCommandExecutor.execute(DriverCommandExecutor.java:83)
	at org.openqa.selenium.remote.RemoteWebDriver.execute(RemoteWebDriver.java:543)
	at org.openqa.selenium.remote.RemoteWebElement.execute(RemoteWebElement.java:276)
	at org.openqa.selenium.remote.RemoteWebElement.click(RemoteWebElement.java:83)
	at com.highq.pageobjects.pages.AddUserWeb.openUserPermissionModel(AddUserWeb.java:646)
	at com.highq.pageobjects.pages.AddUserWeb.setUserRoles(AddUserWeb.java:332)
	at com.highq.pagedata.PreConfiguration.setSiteUserRoles(PreConfiguration.java:534)
	at com.highq.pagedata.PreConfiguration.setConfiguration(PreConfiguration.java:479)
	at com.highq.pagedata.PreConfiguration.setPreConfigurationDataFromJson(PreConfiguration.java:853)
	at com.highq.test.siteAdmin.SiteAdmin_TC0041.preconfiguration(SiteAdmin_TC0041.java:287)
	at com.highq.test.siteAdmin.SiteAdmin_TC0041.TC0041(SiteAdmin_TC0041.java:69)
... Removed 29 stack frames]]>
    </failure>
  </testcase> <!-- TC0041 -->
</testsuite> <!-- File  Module Online Office  -->
