<?xml version="1.0" encoding="UTF-8"?>
<testng-results skipped="0" failed="1" ignored="0" total="1" passed="0">
  <reporter-output>
  </reporter-output>
  <suite name="Feature Suite 4.4" duration-ms="325905" started-at="2018-07-06T13:41:38Z" finished-at="2018-07-06T13:47:04Z">
    <groups>
    </groups>
    <test name="File  Module Online Office " duration-ms="325905" started-at="2018-07-06T13:41:38Z" finished-at="2018-07-06T13:47:04Z">
      <class name="com.highq.test.siteAdmin.SiteAdmin_TC0041">
        <test-method status="PASS" signature="backupTestOutput()[pri:0, instance:com.highq.test.siteAdmin.SiteAdmin_TC0041@66c92293]" name="backupTestOutput" is-config="true" duration-ms="159" started-at="2018-07-06T19:11:38Z" finished-at="2018-07-06T19:11:38Z">
          <reporter-output>
          </reporter-output>
        </test-method> <!-- backupTestOutput -->
        <test-method status="PASS" signature="initializeDBParameter(java.lang.String, java.lang.String, java.lang.String, java.lang.String, java.lang.String, java.lang.String)[pri:0, instance:com.highq.test.siteAdmin.SiteAdmin_TC0041@66c92293]" name="initializeDBParameter" is-config="true" duration-ms="0" started-at="2018-07-06T19:11:38Z" finished-at="2018-07-06T19:11:38Z">
          <params>
            <param index="0">
              <value>
                <![CDATA[db5.prod.hqdev.india]]>
              </value>
            </param>
            <param index="1">
              <value>
                <![CDATA[1501]]>
              </value>
            </param>
            <param index="2">
              <value>
                <![CDATA[sa]]>
              </value>
            </param>
            <param index="3">
              <value>
                <![CDATA[Welcome123]]>
              </value>
            </param>
            <param index="4">
              <value>
                <![CDATA[Welcome123]]>
              </value>
            </param>
            <param index="5">
              <value>
                <![CDATA[collabscrum14]]>
              </value>
            </param>
          </params>
          <reporter-output>
          </reporter-output>
        </test-method> <!-- initializeDBParameter -->
        <test-method status="PASS" signature="initializeTestBaseSetup(java.lang.String, java.lang.String)[pri:0, instance:com.highq.test.siteAdmin.SiteAdmin_TC0041@66c92293]" name="initializeTestBaseSetup" is-config="true" duration-ms="5220" started-at="2018-07-06T19:11:38Z" finished-at="2018-07-06T19:11:44Z">
          <params>
            <param index="0">
              <value>
                <![CDATA[chrome]]>
              </value>
            </param>
            <param index="1">
              <value>
                <![CDATA[http://collabscrum14.hqdev.highq.com/collabscrum14]]>
              </value>
            </param>
          </params>
          <reporter-output>
          </reporter-output>
        </test-method> <!-- initializeTestBaseSetup -->
        <test-method status="PASS" signature="setUp()[pri:0, instance:com.highq.test.siteAdmin.SiteAdmin_TC0041@66c92293]" name="setUp" is-config="true" duration-ms="0" started-at="2018-07-06T19:11:44Z" finished-at="2018-07-06T19:11:44Z">
          <reporter-output>
          </reporter-output>
        </test-method> <!-- setUp -->
        <test-method status="FAIL" signature="TC0041()[pri:1, instance:com.highq.test.siteAdmin.SiteAdmin_TC0041@66c92293]" name="TC0041" duration-ms="318774" started-at="2018-07-06T19:11:44Z" finished-at="2018-07-06T19:17:02Z">
          <exception class="org.openqa.selenium.TimeoutException">
            <message>
              <![CDATA[Expected condition failed: waiting for visibility of element located by By.xpath: (//*[normalize-space(text())='abc.admin@highq.com']//following::*[@data-original-title='More actions'])[1] (tried for 150 second(s) with 400 milliseconds interval)]]>
            </message>
            <full-stacktrace>
              <![CDATA[org.openqa.selenium.TimeoutException: Expected condition failed: waiting for visibility of element located by By.xpath: (//*[normalize-space(text())='abc.admin@highq.com']//following::*[@data-original-title='More actions'])[1] (tried for 150 second(s) with 400 milliseconds interval)
	at org.openqa.selenium.support.ui.FluentWait.timeoutException(FluentWait.java:303)
	at org.openqa.selenium.support.ui.FluentWait.until(FluentWait.java:271)
	at com.highq.base.TestBaseSetup.waitAndFindElement(TestBaseSetup.java:256)
	at com.highq.base.TestBaseSetup.findVisibleElement(TestBaseSetup.java:198)
	at com.highq.pageobjects.pages.AddUserWeb.openUserPermissionModel(AddUserWeb.java:646)
	at com.highq.pageobjects.pages.AddUserWeb.setUserRoles(AddUserWeb.java:332)
	at com.highq.pagedata.PreConfiguration.setSiteUserRoles(PreConfiguration.java:534)
	at com.highq.pagedata.PreConfiguration.setConfiguration(PreConfiguration.java:479)
	at com.highq.pagedata.PreConfiguration.setPreConfigurationDataFromJson(PreConfiguration.java:853)
	at com.highq.test.siteAdmin.SiteAdmin_TC0041.scenaio6(SiteAdmin_TC0041.java:214)
	at com.highq.test.siteAdmin.SiteAdmin_TC0041.TC0041(SiteAdmin_TC0041.java:75)
	at sun.reflect.NativeMethodAccessorImpl.invoke0(Native Method)
	at sun.reflect.NativeMethodAccessorImpl.invoke(NativeMethodAccessorImpl.java:62)
	at sun.reflect.DelegatingMethodAccessorImpl.invoke(DelegatingMethodAccessorImpl.java:43)
	at java.lang.reflect.Method.invoke(Method.java:497)
	at org.testng.internal.MethodInvocationHelper.invokeMethod(MethodInvocationHelper.java:104)
	at org.testng.internal.Invoker.invokeMethod(Invoker.java:645)
	at org.testng.internal.Invoker.invokeTestMethod(Invoker.java:851)
	at org.testng.internal.Invoker.invokeTestMethods(Invoker.java:1177)
	at org.testng.internal.TestMethodWorker.invokeTestMethods(TestMethodWorker.java:129)
	at org.testng.internal.TestMethodWorker.run(TestMethodWorker.java:112)
	at org.testng.TestRunner.privateRun(TestRunner.java:756)
	at org.testng.TestRunner.run(TestRunner.java:610)
	at org.testng.SuiteRunner.runTest(SuiteRunner.java:387)
	at org.testng.SuiteRunner.runSequentially(SuiteRunner.java:382)
	at org.testng.SuiteRunner.privateRun(SuiteRunner.java:340)
	at org.testng.SuiteRunner.run(SuiteRunner.java:289)
	at org.testng.SuiteRunnerWorker.runSuite(SuiteRunnerWorker.java:52)
	at org.testng.SuiteRunnerWorker.run(SuiteRunnerWorker.java:86)
	at org.testng.TestNG.runSuitesSequentially(TestNG.java:1293)
	at org.testng.TestNG.runSuitesLocally(TestNG.java:1218)
	at org.testng.TestNG.runSuites(TestNG.java:1133)
	at org.testng.TestNG.run(TestNG.java:1104)
	at org.testng.remote.AbstractRemoteTestNG.run(AbstractRemoteTestNG.java:114)
	at org.testng.remote.RemoteTestNG.initAndRun(RemoteTestNG.java:251)
	at org.testng.remote.RemoteTestNG.main(RemoteTestNG.java:77)
Caused by: org.openqa.selenium.NoSuchElementException: Cannot locate an element using By.xpath: (//*[normalize-space(text())='abc.admin@highq.com']//following::*[@data-original-title='More actions'])[1]
For documentation on this error, please visit: http://seleniumhq.org/exceptions/no_such_element.html
Build info: version: '3.12.0', revision: '7c6e0b3', time: '2018-05-08T14:04:26.12Z'
System info: host: 'HQI-194-RONAKYB', ip: '192.168.157.77', os.name: 'Windows 8.1', os.arch: 'amd64', os.version: '6.3', java.version: '1.8.0_51'
Driver info: driver.version: unknown
	at org.openqa.selenium.support.ui.ExpectedConditions.lambda$findElement$0(ExpectedConditions.java:896)
	at org.openqa.selenium.support.ui.ExpectedConditions$$Lambda$309/148353618.get(Unknown Source)
	at java.util.Optional.orElseThrow(Optional.java:290)
	at org.openqa.selenium.support.ui.ExpectedConditions.findElement(ExpectedConditions.java:895)
	at org.openqa.selenium.support.ui.ExpectedConditions.access$000(ExpectedConditions.java:44)
	at org.openqa.selenium.support.ui.ExpectedConditions$7.apply(ExpectedConditions.java:206)
	at org.openqa.selenium.support.ui.ExpectedConditions$7.apply(ExpectedConditions.java:202)
	at org.openqa.selenium.support.ui.FluentWait.until(FluentWait.java:248)
	... 34 more
]]>
            </full-stacktrace>
          </exception> <!-- org.openqa.selenium.TimeoutException -->
          <reporter-output>
          </reporter-output>
        </test-method> <!-- TC0041 -->
        <test-method status="PASS" signature="tearDown()[pri:0, instance:com.highq.test.siteAdmin.SiteAdmin_TC0041@66c92293]" name="tearDown" is-config="true" duration-ms="815" started-at="2018-07-06T19:17:03Z" finished-at="2018-07-06T19:17:04Z">
          <reporter-output>
          </reporter-output>
        </test-method> <!-- tearDown -->
      </class> <!-- com.highq.test.siteAdmin.SiteAdmin_TC0041 -->
    </test> <!-- File  Module Online Office  -->
  </suite> <!-- Feature Suite 4.4 -->
</testng-results>
