<?xml version="1.0" encoding="UTF-8"?>
<!-- Generated by org.testng.reporters.JUnitXMLReporter -->
<testsuite hostname="HQI-194-RONAKYB" ignored="0" name="File  Module Online Office " tests="1" failures="1" timestamp="05 Jul 2018 06:17:49 GMT" time="389.874" errors="0">
  <testcase name="TC0041" time="383.192" classname="com.highq.test.siteAdmin.SiteAdmin_TC0041">
    <failure type="org.openqa.selenium.TimeoutException" message="Expected condition failed: waiting for visibility of element located by By.id: dashboardLeftPaneSearchIcon (tried for 150 second(s) with 400 milliseconds interval)">
      <![CDATA[org.openqa.selenium.TimeoutException: Expected condition failed: waiting for visibility of element located by By.id: dashboardLeftPaneSearchIcon (tried for 150 second(s) with 400 milliseconds interval)
	at org.openqa.selenium.support.ui.FluentWait.timeoutException(FluentWait.java:303)
	at org.openqa.selenium.support.ui.FluentWait.until(FluentWait.java:271)
	at com.highq.base.TestBaseSetup.waitAndFindElement(TestBaseSetup.java:256)
	at com.highq.base.TestBaseSetup.findVisibleElement(TestBaseSetup.java:198)
	at com.highq.pageobjects.pages.DashboardWeb.searchSite(DashboardWeb.java:185)
	at com.highq.test.siteAdmin.SiteAdmin_TC0041.scenario1(SiteAdmin_TC0041.java:73)
	at com.highq.test.siteAdmin.SiteAdmin_TC0041.TC0041(SiteAdmin_TC0041.java:65)
Caused by: org.openqa.selenium.NoSuchElementException: Cannot locate an element using By.id: dashboardLeftPaneSearchIcon
For documentation on this error, please visit: http://seleniumhq.org/exceptions/no_such_element.html
Build info: version: '3.12.0', revision: '7c6e0b3', time: '2018-05-08T14:04:26.12Z'
System info: host: 'HQI-194-RONAKYB', ip: '192.168.157.77', os.name: 'Windows 8.1', os.arch: 'amd64', os.version: '6.3', java.version: '1.8.0_51'
Driver info: driver.version: unknown
	at org.openqa.selenium.support.ui.ExpectedConditions.lambda$findElement$0(ExpectedConditions.java:896)
	at org.openqa.selenium.support.ui.ExpectedConditions$$Lambda$309/767436045.get(Unknown Source)
	at java.util.Optional.orElseThrow(Optional.java:290)
	at org.openqa.selenium.support.ui.ExpectedConditions.findElement(ExpectedConditions.java:895)
	at org.openqa.selenium.support.ui.ExpectedConditions.access$000(ExpectedConditions.java:44)
	at org.openqa.selenium.support.ui.ExpectedConditions$7.apply(ExpectedConditions.java:206)
	at org.openqa.selenium.support.ui.ExpectedConditions$7.apply(ExpectedConditions.java:202)
	at org.openqa.selenium.support.ui.FluentWait.until(FluentWait.java:248)
	... 30 more
... Removed 25 stack frames]]>
    </failure>
  </testcase> <!-- TC0041 -->
</testsuite> <!-- File  Module Online Office  -->
