{"uuid":"f204be86-15bb-437b-80d6-32ac4dbc719d","historyId":"ae874b85d3df34459d8308ff7d61265b","fullName":"com.highq.test.siteAdmin.SiteAdmin_TC0041.TC0041","labels":[{"name":"package","value":"com.highq.test.siteAdmin.SiteAdmin_TC0041"},{"name":"testClass","value":"com.highq.test.siteAdmin.SiteAdmin_TC0041"},{"name":"testMethod","value":"TC0041"},{"name":"parentSuite","value":"Feature Suite 4.4"},{"name":"suite","value":"File  Module Online Office "},{"name":"subSuite","value":"com.highq.test.siteAdmin.SiteAdmin_TC0041"},{"name":"host","value":"HQI-194-RONAKYB"},{"name":"thread","value":"28764@HQI-194-RONAKYB.main(1)"}],"links":[],"name":"TC0041","status":"broken","statusDetails":{"known":false,"muted":false,"flaky":false,"message":"Expected condition failed: waiting for visibility of element located by By.xpath: .//*[@id='siteadmin_contactus_selected_email']//div[@class='token']/span (tried for 150 second(s) with 400 milliseconds interval)","trace":"org.openqa.selenium.TimeoutException: Expected condition failed: waiting for visibility of element located by By.xpath: .//*[@id='siteadmin_contactus_selected_email']//div[@class='token']/span (tried for 150 second(s) with 400 milliseconds interval)\r\n\tat org.openqa.selenium.support.ui.FluentWait.timeoutException(FluentWait.java:303)\r\n\tat org.openqa.selenium.support.ui.FluentWait.until(FluentWait.java:271)\r\n\tat com.highq.base.TestBaseSetup.waitAndFindElement(TestBaseSetup.java:256)\r\n\tat com.highq.base.TestBaseSetup.findVisibleElement(TestBaseSetup.java:644)\r\n\tat com.highq.pageobjects.pages.AdminGeneralWeb.verifyemailURL_contactusLink(AdminGeneralWeb.java:364)\r\n\tat com.highq.test.siteAdmin.SiteAdmin_TC0041.preconfiguration(SiteAdmin_TC0041.java:299)\r\n\tat com.highq.test.siteAdmin.SiteAdmin_TC0041.TC0041(SiteAdmin_TC0041.java:69)\r\n\tat sun.reflect.NativeMethodAccessorImpl.invoke0(Native Method)\r\n\tat sun.reflect.NativeMethodAccessorImpl.invoke(NativeMethodAccessorImpl.java:62)\r\n\tat sun.reflect.DelegatingMethodAccessorImpl.invoke(DelegatingMethodAccessorImpl.java:43)\r\n\tat java.lang.reflect.Method.invoke(Method.java:497)\r\n\tat org.testng.internal.MethodInvocationHelper.invokeMethod(MethodInvocationHelper.java:104)\r\n\tat org.testng.internal.Invoker.invokeMethod(Invoker.java:645)\r\n\tat org.testng.internal.Invoker.invokeTestMethod(Invoker.java:851)\r\n\tat org.testng.internal.Invoker.invokeTestMethods(Invoker.java:1177)\r\n\tat org.testng.internal.TestMethodWorker.invokeTestMethods(TestMethodWorker.java:129)\r\n\tat org.testng.internal.TestMethodWorker.run(TestMethodWorker.java:112)\r\n\tat org.testng.TestRunner.privateRun(TestRunner.java:756)\r\n\tat org.testng.TestRunner.run(TestRunner.java:610)\r\n\tat org.testng.SuiteRunner.runTest(SuiteRunner.java:387)\r\n\tat org.testng.SuiteRunner.runSequentially(SuiteRunner.java:382)\r\n\tat org.testng.SuiteRunner.privateRun(SuiteRunner.java:340)\r\n\tat org.testng.SuiteRunner.run(SuiteRunner.java:289)\r\n\tat org.testng.SuiteRunnerWorker.runSuite(SuiteRunnerWorker.java:52)\r\n\tat org.testng.SuiteRunnerWorker.run(SuiteRunnerWorker.java:86)\r\n\tat org.testng.TestNG.runSuitesSequentially(TestNG.java:1293)\r\n\tat org.testng.TestNG.runSuitesLocally(TestNG.java:1218)\r\n\tat org.testng.TestNG.runSuites(TestNG.java:1133)\r\n\tat org.testng.TestNG.run(TestNG.java:1104)\r\n\tat org.testng.remote.AbstractRemoteTestNG.run(AbstractRemoteTestNG.java:114)\r\n\tat org.testng.remote.RemoteTestNG.initAndRun(RemoteTestNG.java:251)\r\n\tat org.testng.remote.RemoteTestNG.main(RemoteTestNG.java:77)\r\nCaused by: org.openqa.selenium.NoSuchElementException: Cannot locate an element using By.xpath: .//*[@id='siteadmin_contactus_selected_email']//div[@class='token']/span\nFor documentation on this error, please visit: http://seleniumhq.org/exceptions/no_such_element.html\nBuild info: version: '3.12.0', revision: '7c6e0b3', time: '2018-05-08T14:04:26.12Z'\nSystem info: host: 'HQI-194-RONAKYB', ip: '192.168.157.77', os.name: 'Windows 8.1', os.arch: 'amd64', os.version: '6.3', java.version: '1.8.0_51'\nDriver info: driver.version: unknown\r\n\tat org.openqa.selenium.support.ui.ExpectedConditions.lambda$findElement$0(ExpectedConditions.java:896)\r\n\tat org.openqa.selenium.support.ui.ExpectedConditions$$Lambda$309/1634411546.get(Unknown Source)\r\n\tat java.util.Optional.orElseThrow(Optional.java:290)\r\n\tat org.openqa.selenium.support.ui.ExpectedConditions.findElement(ExpectedConditions.java:895)\r\n\tat org.openqa.selenium.support.ui.ExpectedConditions.access$000(ExpectedConditions.java:44)\r\n\tat org.openqa.selenium.support.ui.ExpectedConditions$7.apply(ExpectedConditions.java:206)\r\n\tat org.openqa.selenium.support.ui.ExpectedConditions$7.apply(ExpectedConditions.java:202)\r\n\tat org.openqa.selenium.support.ui.FluentWait.until(FluentWait.java:248)\r\n\t... 30 more\r\n"},"stage":"finished","start":1531121034762,"stop":1531121259266,"parameters":[{"name":"dbPort","value":"1501"},{"name":"dbDomain","value":"db5.prod.hqdev.india"},{"name":"dbUsername","value":"sa"},{"name":"dbSaPassword","value":"Welcome123"},{"name":"dbName","value":"collabscrum14"},{"name":"appURL","value":"http://collabscrum14.hqdev.highq.com/collabscrum14"},{"name":"dbPassword","value":"Welcome123"},{"name":"browserType","value":"chrome"}]}