<?xml version="1.0" encoding="UTF-8"?>
<!-- Generated by org.testng.reporters.JUnitXMLReporter -->
<testsuite hostname="HQI-194-RONAKYB" ignored="0" name="File  Module Online Office " tests="1" failures="1" timestamp="29 Jun 2018 09:12:26 GMT" time="9.698" errors="0">
  <testcase name="TC0041" time="4.685" classname="com.highq.test.siteAdmin.SiteAdmin_TC0041">
    <failure type="org.openqa.selenium.NoSuchSessionException" message="Session ID is null. Using WebDriver after calling quit()?
Build info: version: &amp;apos;3.12.0&amp;apos;, revision: &amp;apos;7c6e0b3&amp;apos;, time: &amp;apos;2018-05-08T14:04:26.12Z&amp;apos;
System info: host: &amp;apos;HQI-194-RONAKYB&amp;apos;, ip: &amp;apos;192.168.157.77&amp;apos;, os.name: &amp;apos;Windows 8.1&amp;apos;, os.arch: &amp;apos;amd64&amp;apos;, os.version: &amp;apos;6.3&amp;apos;, java.version: &amp;apos;1.8.0_51&amp;apos;
Driver info: driver.version: RemoteWebDriver">
      <![CDATA[org.openqa.selenium.NoSuchSessionException: Session ID is null. Using WebDriver after calling quit()?
Build info: version: '3.12.0', revision: '7c6e0b3', time: '2018-05-08T14:04:26.12Z'
System info: host: 'HQI-194-RONAKYB', ip: '192.168.157.77', os.name: 'Windows 8.1', os.arch: 'amd64', os.version: '6.3', java.version: '1.8.0_51'
Driver info: driver.version: RemoteWebDriver
	at org.openqa.selenium.remote.HttpCommandExecutor.execute(HttpCommandExecutor.java:125)
	at org.openqa.selenium.remote.service.DriverCommandExecutor.execute(DriverCommandExecutor.java:83)
	at org.openqa.selenium.remote.RemoteWebDriver.execute(RemoteWebDriver.java:543)
	at org.openqa.selenium.remote.RemoteWebDriver.findElements(RemoteWebDriver.java:344)
	at org.openqa.selenium.remote.RemoteWebDriver.findElementsByXPath(RemoteWebDriver.java:423)
	at org.openqa.selenium.By$ByXPath.findElements(By.java:348)
	at org.openqa.selenium.remote.RemoteWebDriver.findElements(RemoteWebDriver.java:305)
	at com.highq.base.TestBaseSetup$2.apply(TestBaseSetup.java:474)
	at com.highq.base.TestBaseSetup$2.apply(TestBaseSetup.java:1)
	at org.openqa.selenium.support.ui.FluentWait.until(FluentWait.java:248)
	at com.highq.base.TestBaseSetup.areSpinnersLoaded(TestBaseSetup.java:472)
	at com.highq.base.TestBaseSetup.waitAndFindElement(TestBaseSetup.java:222)
	at com.highq.base.TestBaseSetup.findVisibleElement(TestBaseSetup.java:644)
	at com.highq.pageobjects.pages.BannerPageWeb.clickOnUserAvtar(BannerPageWeb.java:582)
	at com.highq.pageobjects.pages.BannerPageWeb.gotoSystemAdmin(BannerPageWeb.java:566)
	at com.highq.pagedata.PreConfiguration.setOrganisation(PreConfiguration.java:94)
	at com.highq.pagedata.PreConfiguration.setConfiguration(PreConfiguration.java:387)
	at com.highq.pagedata.PreConfiguration.setPreConfigurationDataFromJson(PreConfiguration.java:853)
	at com.highq.test.siteAdmin.SiteAdmin_TC0041.preconfiguration(SiteAdmin_TC0041.java:46)
	at com.highq.test.siteAdmin.SiteAdmin_TC0041.TC0041(SiteAdmin_TC0041.java:36)
... Removed 25 stack frames]]>
    </failure>
  </testcase> <!-- TC0041 -->
</testsuite> <!-- File  Module Online Office  -->
