<?xml version="1.0" encoding="UTF-8"?>
<!-- Generated by org.testng.reporters.JUnitXMLReporter -->
<testsuite hostname="HQI-194-RONAKYB" ignored="0" name="File  Module Online Office " tests="1" failures="1" timestamp="04 Jul 2018 13:12:51 GMT" time="544.099" errors="0">
  <testcase name="TC0041" time="536.769" classname="com.highq.test.siteAdmin.SiteAdmin_TC0041">
    <failure type="org.openqa.selenium.TimeoutException" message="Expected condition failed: waiting for visibility of element located by By.xpath: .//*[contains(@class,&amp;apos;in&amp;apos;)]//*[@id=&amp;apos;collaborateMessageOkButton&amp;apos;] (tried for 150 second(s) with 400 milliseconds interval)
Build info: version: &amp;apos;3.12.0&amp;apos;, revision: &amp;apos;7c6e0b3&amp;apos;, time: &amp;apos;2018-05-08T14:04:26.12Z&amp;apos;
System info: host: &amp;apos;HQI-194-RONAKYB&amp;apos;, ip: &amp;apos;192.168.157.77&amp;apos;, os.name: &amp;apos;Windows 8.1&amp;apos;, os.arch: &amp;apos;amd64&amp;apos;, os.version: &amp;apos;6.3&amp;apos;, java.version: &amp;apos;1.8.0_51&amp;apos;
Driver info: driver.version: unknown">
      <![CDATA[org.openqa.selenium.TimeoutException: Expected condition failed: waiting for visibility of element located by By.xpath: .//*[contains(@class,'in')]//*[@id='collaborateMessageOkButton'] (tried for 150 second(s) with 400 milliseconds interval)
Build info: version: '3.12.0', revision: '7c6e0b3', time: '2018-05-08T14:04:26.12Z'
System info: host: 'HQI-194-RONAKYB', ip: '192.168.157.77', os.name: 'Windows 8.1', os.arch: 'amd64', os.version: '6.3', java.version: '1.8.0_51'
Driver info: driver.version: unknown
	at org.openqa.selenium.support.ui.FluentWait.timeoutException(FluentWait.java:303)
	at org.openqa.selenium.support.ui.FluentWait.until(FluentWait.java:271)
	at com.highq.base.TestBaseSetup.waitAndFindElement(TestBaseSetup.java:256)
	at com.highq.base.TestBaseSetup.findVisibleElement(TestBaseSetup.java:644)
	at com.highq.pageobjects.pages.BannerPageWeb.logout(BannerPageWeb.java:599)
	at com.highq.test.siteAdmin.SiteAdmin_TC0041.preconfiguration(SiteAdmin_TC0041.java:199)
	at com.highq.test.siteAdmin.SiteAdmin_TC0041.TC0041(SiteAdmin_TC0041.java:64)
... Removed 25 stack frames]]>
    </failure>
  </testcase> <!-- TC0041 -->
</testsuite> <!-- File  Module Online Office  -->
