<?xml version="1.0" encoding="UTF-8"?>
<testng-results skipped="1" failed="0" ignored="0" total="1" passed="0">
  <reporter-output>
  </reporter-output>
  <suite name="Default suite" duration-ms="278" started-at="2018-06-28T08:54:14Z" finished-at="2018-06-28T08:54:15Z">
    <groups>
    </groups>
    <test name="Default test" duration-ms="278" started-at="2018-06-28T08:54:14Z" finished-at="2018-06-28T08:54:15Z">
      <class name="com.highq.test.systemAdmin.SystemAdmin_TC2666">
        <test-method status="PASS" signature="backupTestOutput()[pri:0, instance:com.highq.test.systemAdmin.SystemAdmin_TC2666@323b36e0]" name="backupTestOutput" is-config="true" duration-ms="209" started-at="2018-06-28T14:24:14Z" finished-at="2018-06-28T14:24:14Z">
          <reporter-output>
          </reporter-output>
        </test-method> <!-- backupTestOutput -->
        <test-method status="FAIL" signature="initializeDBParameter(java.lang.String, java.lang.String, java.lang.String, java.lang.String, java.lang.String, java.lang.String)[pri:0, instance:com.highq.test.systemAdmin.SystemAdmin_TC2666@323b36e0]" name="initializeDBParameter" is-config="true" duration-ms="0" started-at="2018-06-28T14:24:14Z" finished-at="2018-06-28T14:24:14Z">
          <exception class="org.testng.TestNGException">
            <message>
              <![CDATA[
Parameter 'dbDomain' is required by BeforeClass on method initializeDBParameter but has not been marked @Optional or defined
in C:\Users\ronak.bhatt.HQDEV\AppData\Local\Temp\testng-eclipse--696334314\testng-customsuite.xml]]>
            </message>
            <full-stacktrace>
              <![CDATA[org.testng.TestNGException: 
Parameter 'dbDomain' is required by BeforeClass on method initializeDBParameter but has not been marked @Optional or defined
in C:\Users\ronak.bhatt.HQDEV\AppData\Local\Temp\testng-eclipse--696334314\testng-customsuite.xml
	at org.testng.internal.Parameters.createParameters(Parameters.java:199)
	at org.testng.internal.Parameters.createParameters(Parameters.java:443)
	at org.testng.internal.Parameters.createConfigurationParameters(Parameters.java:118)
	at org.testng.internal.Invoker.invokeConfigurations(Invoker.java:203)
	at org.testng.internal.Invoker.invokeConfigurations(Invoker.java:144)
	at org.testng.internal.TestMethodWorker.invokeBeforeClassMethods(TestMethodWorker.java:169)
	at org.testng.internal.TestMethodWorker.run(TestMethodWorker.java:108)
	at org.testng.TestRunner.privateRun(TestRunner.java:756)
	at org.testng.TestRunner.run(TestRunner.java:610)
	at org.testng.SuiteRunner.runTest(SuiteRunner.java:387)
	at org.testng.SuiteRunner.runSequentially(SuiteRunner.java:382)
	at org.testng.SuiteRunner.privateRun(SuiteRunner.java:340)
	at org.testng.SuiteRunner.run(SuiteRunner.java:289)
	at org.testng.SuiteRunnerWorker.runSuite(SuiteRunnerWorker.java:52)
	at org.testng.SuiteRunnerWorker.run(SuiteRunnerWorker.java:86)
	at org.testng.TestNG.runSuitesSequentially(TestNG.java:1293)
	at org.testng.TestNG.runSuitesLocally(TestNG.java:1218)
	at org.testng.TestNG.runSuites(TestNG.java:1133)
	at org.testng.TestNG.run(TestNG.java:1104)
	at org.testng.remote.AbstractRemoteTestNG.run(AbstractRemoteTestNG.java:114)
	at org.testng.remote.RemoteTestNG.initAndRun(RemoteTestNG.java:251)
	at org.testng.remote.RemoteTestNG.main(RemoteTestNG.java:77)
]]>
            </full-stacktrace>
          </exception> <!-- org.testng.TestNGException -->
          <reporter-output>
          </reporter-output>
        </test-method> <!-- initializeDBParameter -->
        <test-method status="SKIP" signature="initializeTestBaseSetup(java.lang.String, java.lang.String)[pri:0, instance:com.highq.test.systemAdmin.SystemAdmin_TC2666@323b36e0]" name="initializeTestBaseSetup" is-config="true" duration-ms="0" started-at="2018-06-28T14:24:14Z" finished-at="2018-06-28T14:24:14Z">
          <reporter-output>
          </reporter-output>
        </test-method> <!-- initializeTestBaseSetup -->
        <test-method status="SKIP" signature="SystemAdminTC2666()[pri:0, instance:com.highq.test.systemAdmin.SystemAdmin_TC2666@323b36e0]" name="SystemAdminTC2666" duration-ms="101" started-at="2018-06-28T14:24:14Z" finished-at="2018-06-28T14:24:15Z">
          <exception class="org.testng.TestNGException">
            <message>
              <![CDATA[
Parameter 'dbDomain' is required by BeforeClass on method initializeDBParameter but has not been marked @Optional or defined
in C:\Users\ronak.bhatt.HQDEV\AppData\Local\Temp\testng-eclipse--696334314\testng-customsuite.xml]]>
            </message>
            <full-stacktrace>
              <![CDATA[org.testng.TestNGException: 
Parameter 'dbDomain' is required by BeforeClass on method initializeDBParameter but has not been marked @Optional or defined
in C:\Users\ronak.bhatt.HQDEV\AppData\Local\Temp\testng-eclipse--696334314\testng-customsuite.xml
	at org.testng.internal.Parameters.createParameters(Parameters.java:199)
	at org.testng.internal.Parameters.createParameters(Parameters.java:443)
	at org.testng.internal.Parameters.createConfigurationParameters(Parameters.java:118)
	at org.testng.internal.Invoker.invokeConfigurations(Invoker.java:203)
	at org.testng.internal.Invoker.invokeConfigurations(Invoker.java:144)
	at org.testng.internal.TestMethodWorker.invokeBeforeClassMethods(TestMethodWorker.java:169)
	at org.testng.internal.TestMethodWorker.run(TestMethodWorker.java:108)
	at org.testng.TestRunner.privateRun(TestRunner.java:756)
	at org.testng.TestRunner.run(TestRunner.java:610)
	at org.testng.SuiteRunner.runTest(SuiteRunner.java:387)
	at org.testng.SuiteRunner.runSequentially(SuiteRunner.java:382)
	at org.testng.SuiteRunner.privateRun(SuiteRunner.java:340)
	at org.testng.SuiteRunner.run(SuiteRunner.java:289)
	at org.testng.SuiteRunnerWorker.runSuite(SuiteRunnerWorker.java:52)
	at org.testng.SuiteRunnerWorker.run(SuiteRunnerWorker.java:86)
	at org.testng.TestNG.runSuitesSequentially(TestNG.java:1293)
	at org.testng.TestNG.runSuitesLocally(TestNG.java:1218)
	at org.testng.TestNG.runSuites(TestNG.java:1133)
	at org.testng.TestNG.run(TestNG.java:1104)
	at org.testng.remote.AbstractRemoteTestNG.run(AbstractRemoteTestNG.java:114)
	at org.testng.remote.RemoteTestNG.initAndRun(RemoteTestNG.java:251)
	at org.testng.remote.RemoteTestNG.main(RemoteTestNG.java:77)
]]>
            </full-stacktrace>
          </exception> <!-- org.testng.TestNGException -->
          <reporter-output>
          </reporter-output>
        </test-method> <!-- SystemAdminTC2666 -->
        <test-method status="SKIP" signature="tearDown()[pri:0, instance:com.highq.test.systemAdmin.SystemAdmin_TC2666@323b36e0]" name="tearDown" is-config="true" duration-ms="0" started-at="2018-06-28T14:24:15Z" finished-at="2018-06-28T14:24:15Z">
          <reporter-output>
          </reporter-output>
        </test-method> <!-- tearDown -->
      </class> <!-- com.highq.test.systemAdmin.SystemAdmin_TC2666 -->
    </test> <!-- Default test -->
  </suite> <!-- Default suite -->
</testng-results>
